[INFO] Scanning for projects...
[INFO] 
[INFO] --------------------------< com.erasm:erasm >---------------------------
[INFO] Building erasm 1.0.0
[INFO]   from pom.xml
[INFO] --------------------------------[ jar ]---------------------------------
[INFO] 
[INFO] >>> spring-boot:3.2.5:run (default-cli) > test-compile @ erasm >>>
[INFO] 
[INFO] --- jacoco:0.8.11:prepare-agent (default) @ erasm ---
[INFO] argLine set to -javaagent:/home/sahil-khajuria/.m2/repository/org/jacoco/org.jacoco.agent/0.8.11/org.jacoco.agent-0.8.11-runtime.jar=destfile=/home/sahil-khajuria/incture_project/erasm/target/jacoco.exec
[INFO] 
[INFO] --- resources:3.3.1:resources (default-resources) @ erasm ---
[INFO] Copying 3 resources from src/main/resources to target/classes
[INFO] Copying 2 resources from src/main/resources to target/classes
[INFO] 
[INFO] --- compiler:3.11.0:compile (default-compile) @ erasm ---
[INFO] Nothing to compile - all classes are up to date
[INFO] 
[INFO] --- resources:3.3.1:testResources (default-testResources) @ erasm ---
[INFO] skip non existing resourceDirectory /home/sahil-khajuria/incture_project/erasm/src/test/resources
[INFO] 
[INFO] --- compiler:3.11.0:testCompile (default-testCompile) @ erasm ---
[INFO] Nothing to compile - all classes are up to date
[INFO] 
[INFO] <<< spring-boot:3.2.5:run (default-cli) < test-compile @ erasm <<<
[INFO] 
[INFO] 
[INFO] --- spring-boot:3.2.5:run (default-cli) @ erasm ---
[INFO] Attaching agents: []

  .   ____          _            __ _ _
 /\\ / ___'_ __ _ _(_)_ __  __ _ \ \ \ \
( ( )\___ | '_ | '_| | '_ \/ _` | \ \ \ \
 \\/  ___)| |_)| | | | | || (_| |  ) ) ) )
  '  |____| .__|_| |_|_| |_\__, | / / / /
 =========|_|==============|___/=/_/_/_/
 :: Spring Boot ::                (v3.2.5)

[2026-07-02 17:38:41.697] [INFO ] [background-preinit] [o.h.validator.internal.util.Version] - HV000001: Hibernate Validator 8.0.1.Final
[2026-07-02 17:38:41.721] [INFO ] [main] [com.erasm.ErasmApplication] - Starting ErasmApplication using Java 21.0.11 with PID 81868 (/home/sahil-khajuria/incture_project/erasm/target/classes started by sahil-khajuria in /home/sahil-khajuria/incture_project/erasm)
[2026-07-02 17:38:41.722] [INFO ] [main] [com.erasm.ErasmApplication] - The following 1 profile is active: "local"
[2026-07-02 17:38:42.336] [INFO ] [main] [o.s.d.r.c.RepositoryConfigurationDelegate] - Bootstrapping Spring Data JPA repositories in DEFAULT mode.
[2026-07-02 17:38:42.382] [INFO ] [main] [o.s.d.r.c.RepositoryConfigurationDelegate] - Finished Spring Data repository scanning in 42 ms. Found 12 JPA repository interfaces.
[2026-07-02 17:38:42.862] [INFO ] [main] [o.s.b.w.e.tomcat.TomcatWebServer] - Tomcat initialized with port 8080 (http)
[2026-07-02 17:38:42.869] [INFO ] [main] [o.a.coyote.http11.Http11NioProtocol] - Initializing ProtocolHandler ["http-nio-8080"]
[2026-07-02 17:38:42.870] [INFO ] [main] [o.a.catalina.core.StandardService] - Starting service [Tomcat]
[2026-07-02 17:38:42.871] [INFO ] [main] [o.a.catalina.core.StandardEngine] - Starting Servlet engine: [Apache Tomcat/10.1.20]
[2026-07-02 17:38:42.902] [INFO ] [main] [o.a.c.c.C.[Tomcat].[localhost].[/]] - Initializing Spring embedded WebApplicationContext
[2026-07-02 17:38:42.902] [INFO ] [main] [o.s.b.w.s.c.ServletWebServerApplicationContext] - Root WebApplicationContext: initialization completed in 1150 ms
[2026-07-02 17:38:43.001] [INFO ] [main] [com.zaxxer.hikari.HikariDataSource] - HikariPool-1 - Starting...
[2026-07-02 17:38:43.112] [INFO ] [main] [com.zaxxer.hikari.pool.HikariPool] - HikariPool-1 - Added connection conn0: url=jdbc:h2:mem:erasm_db user=SA
[2026-07-02 17:38:43.113] [INFO ] [main] [com.zaxxer.hikari.HikariDataSource] - HikariPool-1 - Start completed.
[2026-07-02 17:38:43.120] [INFO ] [main] [o.s.b.a.h.H2ConsoleAutoConfiguration] - H2 console available at '/h2-console'. Database available at 'jdbc:h2:mem:erasm_db'
[2026-07-02 17:38:43.291] [INFO ] [main] [o.h.jpa.internal.util.LogHelper] - HHH000204: Processing PersistenceUnitInfo [name: default]
[2026-07-02 17:38:43.320] [INFO ] [main] [org.hibernate.Version] - HHH000412: Hibernate ORM core version 6.4.4.Final
[2026-07-02 17:38:43.338] [INFO ] [main] [o.h.c.i.RegionFactoryInitiator] - HHH000026: Second-level cache disabled
[2026-07-02 17:38:43.474] [INFO ] [main] [o.s.o.j.p.SpringPersistenceUnitInfo] - No LoadTimeWeaver setup: ignoring JPA class transformer
[2026-07-02 17:38:43.499] [WARN ] [main] [org.hibernate.orm.deprecation] - HHH90000025: MySQL8Dialect does not need to be specified explicitly using 'hibernate.dialect' (remove the property setting and it will be selected by default)
[2026-07-02 17:38:43.500] [WARN ] [main] [org.hibernate.orm.deprecation] - HHH90000026: MySQL8Dialect has been deprecated; use org.hibernate.dialect.MySQLDialect instead
[2026-07-02 17:38:44.221] [INFO ] [main] [o.h.e.t.j.p.i.JtaPlatformInitiator] - HHH000489: No JTA platform available (set 'hibernate.transaction.jta.platform' to enable JTA platform integration)
[2026-07-02 17:38:44.247] [INFO ] [main] [o.s.o.j.LocalContainerEntityManagerFactoryBean] - Initialized JPA EntityManagerFactory for persistence unit 'default'
[2026-07-02 17:38:44.559] [INFO ] [main] [o.s.d.j.r.query.QueryEnhancerFactory] - Hibernate is in classpath; If applicable, HQL parser will be used.
[2026-07-02 17:38:45.184] [WARN ] [main] [o.s.b.a.o.j.JpaBaseConfiguration$JpaWebConfiguration] - spring.jpa.open-in-view is enabled by default. Therefore, database queries may be performed during view rendering. Explicitly configure spring.jpa.open-in-view to disable this warning
[2026-07-02 17:38:45.529] [INFO ] [main] [o.s.b.a.e.web.EndpointLinksResolver] - Exposing 2 endpoint(s) beneath base path '/actuator'
[2026-07-02 17:38:45.993] [INFO ] [main] [o.a.coyote.http11.Http11NioProtocol] - Starting ProtocolHandler ["http-nio-8080"]
[2026-07-02 17:38:46.010] [INFO ] [main] [o.s.b.w.e.tomcat.TomcatWebServer] - Tomcat started on port 8080 (http) with context path ''
[2026-07-02 17:38:46.023] [INFO ] [main] [com.erasm.ErasmApplication] - Started ErasmApplication in 4.59 seconds (process running for 4.775)
[2026-07-02 17:39:37.726] [INFO ] [http-nio-8080-exec-1] [o.a.c.c.C.[Tomcat].[localhost].[/]] - Initializing Spring DispatcherServlet 'dispatcherServlet'
[2026-07-02 17:39:37.726] [INFO ] [http-nio-8080-exec-1] [o.s.web.servlet.DispatcherServlet] - Initializing Servlet 'dispatcherServlet'
[2026-07-02 17:39:37.728] [INFO ] [http-nio-8080-exec-1] [o.s.web.servlet.DispatcherServlet] - Completed initialization in 2 ms
[2026-07-02 17:39:38.576] [INFO ] [http-nio-8080-exec-8] [o.s.api.AbstractOpenApiResource] - Init duration for springdoc-openapi is: 597 ms
[2026-07-03 21:04:38.170] [INFO ] [SpringApplicationShutdownHook] [o.s.o.j.LocalContainerEntityManagerFactoryBean] - Closing JPA EntityManagerFactory for persistence unit 'default'
[2026-07-03 21:04:38.178] [INFO ] [SpringApplicationShutdownHook] [com.zaxxer.hikari.HikariDataSource] - HikariPool-1 - Shutdown initiated...
[2026-07-03 21:04:38.179] [INFO ] [SpringApplicationShutdownHook] [com.zaxxer.hikari.HikariDataSource] - HikariPool-1 - Shutdown completed.

[INFO] ------------------------------------------------------------------------
[INFO] BUILD FAILURE
[INFO] ------------------------------------------------------------------------
[INFO] Total time:  16:50 h
[INFO] Finished at: 2026-07-02T17:38:39+05:30
[INFO] ------------------------------------------------------------------------
[ERROR] Failed to execute goal org.springframework.boot:spring-boot-maven-plugin:3.2.5:run (default-cli) on project erasm: Process terminated with exit code: 143 -> [Help 1]
[ERROR] 
[ERROR] To see the full stack trace of the errors, re-run Maven with the -e switch.
[ERROR] Re-run Maven using the -X switch to enable full debug logging.
[ERROR] 
[ERROR] For more information about the errors and possible solutions, please read the following articles:
[ERROR] [Help 1] http://cwiki.apache.org/confluence/display/MAVEN/MojoExecutionException
